0 info it worked if it ends with ok
1 verbose cli [ '/usr/bin/node', '/usr/bin/npm', 'install' ]
2 info using npm@1.4.28
3 info using node@v0.10.37
4 verbose node symlink /usr/bin/node
5 warn package.json ionic_test@1.1.1 No repository field.
6 warn package.json ionic_test@1.1.1 No README data
7 verbose readDependencies using package.json deps
8 verbose install where, deps [ '/home/deepthought/development/buzzbands_mobile',
8 verbose install   [ 'gulp',
8 verbose install     'gulp-sass',
8 verbose install     'gulp-concat',
8 verbose install     'gulp-minify-css',
8 verbose install     'gulp-rename',
8 verbose install     'bower',
8 verbose install     'gulp-util',
8 verbose install     'shelljs' ] ]
9 info preinstall ionic_test@1.1.1
10 verbose readDependencies using package.json deps
11 verbose cache add [ 'gulp@^3.5.6', null ]
12 verbose cache add name=undefined spec="gulp@^3.5.6" args=["gulp@^3.5.6",null]
13 verbose parsed url { protocol: null,
13 verbose parsed url   slashes: null,
13 verbose parsed url   auth: null,
13 verbose parsed url   host: null,
13 verbose parsed url   port: null,
13 verbose parsed url   hostname: null,
13 verbose parsed url   hash: null,
13 verbose parsed url   search: null,
13 verbose parsed url   query: null,
13 verbose parsed url   pathname: 'gulp@^3.5.6',
13 verbose parsed url   path: 'gulp@^3.5.6',
13 verbose parsed url   href: 'gulp@^3.5.6' }
14 verbose cache add [ 'gulp-sass@^2.0.4', null ]
15 verbose cache add name=undefined spec="gulp-sass@^2.0.4" args=["gulp-sass@^2.0.4",null]
16 verbose parsed url { protocol: null,
16 verbose parsed url   slashes: null,
16 verbose parsed url   auth: null,
16 verbose parsed url   host: null,
16 verbose parsed url   port: null,
16 verbose parsed url   hostname: null,
16 verbose parsed url   hash: null,
16 verbose parsed url   search: null,
16 verbose parsed url   query: null,
16 verbose parsed url   pathname: 'gulp-sass@^2.0.4',
16 verbose parsed url   path: 'gulp-sass@^2.0.4',
16 verbose parsed url   href: 'gulp-sass@^2.0.4' }
17 verbose cache add [ 'gulp-concat@^2.2.0', null ]
18 verbose cache add name=undefined spec="gulp-concat@^2.2.0" args=["gulp-concat@^2.2.0",null]
19 verbose parsed url { protocol: null,
19 verbose parsed url   slashes: null,
19 verbose parsed url   auth: null,
19 verbose parsed url   host: null,
19 verbose parsed url   port: null,
19 verbose parsed url   hostname: null,
19 verbose parsed url   hash: null,
19 verbose parsed url   search: null,
19 verbose parsed url   query: null,
19 verbose parsed url   pathname: 'gulp-concat@^2.2.0',
19 verbose parsed url   path: 'gulp-concat@^2.2.0',
19 verbose parsed url   href: 'gulp-concat@^2.2.0' }
20 verbose cache add [ 'gulp-minify-css@^0.3.0', null ]
21 verbose cache add name=undefined spec="gulp-minify-css@^0.3.0" args=["gulp-minify-css@^0.3.0",null]
22 verbose parsed url { protocol: null,
22 verbose parsed url   slashes: null,
22 verbose parsed url   auth: null,
22 verbose parsed url   host: null,
22 verbose parsed url   port: null,
22 verbose parsed url   hostname: null,
22 verbose parsed url   hash: null,
22 verbose parsed url   search: null,
22 verbose parsed url   query: null,
22 verbose parsed url   pathname: 'gulp-minify-css@^0.3.0',
22 verbose parsed url   path: 'gulp-minify-css@^0.3.0',
22 verbose parsed url   href: 'gulp-minify-css@^0.3.0' }
23 verbose cache add name="gulp" spec="^3.5.6" args=["gulp","^3.5.6"]
24 verbose parsed url { protocol: null,
24 verbose parsed url   slashes: null,
24 verbose parsed url   auth: null,
24 verbose parsed url   host: null,
24 verbose parsed url   port: null,
24 verbose parsed url   hostname: null,
24 verbose parsed url   hash: null,
24 verbose parsed url   search: null,
24 verbose parsed url   query: null,
24 verbose parsed url   pathname: '^3.5.6',
24 verbose parsed url   path: '^3.5.6',
24 verbose parsed url   href: '^3.5.6' }
25 verbose addNamed [ 'gulp', '^3.5.6' ]
26 verbose addNamed [ null, '>=3.5.6-0 <4.0.0-0' ]
27 verbose cache add name="gulp-sass" spec="^2.0.4" args=["gulp-sass","^2.0.4"]
28 verbose parsed url { protocol: null,
28 verbose parsed url   slashes: null,
28 verbose parsed url   auth: null,
28 verbose parsed url   host: null,
28 verbose parsed url   port: null,
28 verbose parsed url   hostname: null,
28 verbose parsed url   hash: null,
28 verbose parsed url   search: null,
28 verbose parsed url   query: null,
28 verbose parsed url   pathname: '^2.0.4',
28 verbose parsed url   path: '^2.0.4',
28 verbose parsed url   href: '^2.0.4' }
29 verbose addNamed [ 'gulp-sass', '^2.0.4' ]
30 verbose addNamed [ null, '>=2.0.4-0 <3.0.0-0' ]
31 verbose cache add name="gulp-concat" spec="^2.2.0" args=["gulp-concat","^2.2.0"]
32 verbose parsed url { protocol: null,
32 verbose parsed url   slashes: null,
32 verbose parsed url   auth: null,
32 verbose parsed url   host: null,
32 verbose parsed url   port: null,
32 verbose parsed url   hostname: null,
32 verbose parsed url   hash: null,
32 verbose parsed url   search: null,
32 verbose parsed url   query: null,
32 verbose parsed url   pathname: '^2.2.0',
32 verbose parsed url   path: '^2.2.0',
32 verbose parsed url   href: '^2.2.0' }
33 verbose addNamed [ 'gulp-concat', '^2.2.0' ]
34 verbose addNamed [ null, '>=2.2.0-0 <3.0.0-0' ]
35 verbose cache add [ 'gulp-rename@^1.2.0', null ]
36 verbose cache add name=undefined spec="gulp-rename@^1.2.0" args=["gulp-rename@^1.2.0",null]
37 verbose parsed url { protocol: null,
37 verbose parsed url   slashes: null,
37 verbose parsed url   auth: null,
37 verbose parsed url   host: null,
37 verbose parsed url   port: null,
37 verbose parsed url   hostname: null,
37 verbose parsed url   hash: null,
37 verbose parsed url   search: null,
37 verbose parsed url   query: null,
37 verbose parsed url   pathname: 'gulp-rename@^1.2.0',
37 verbose parsed url   path: 'gulp-rename@^1.2.0',
37 verbose parsed url   href: 'gulp-rename@^1.2.0' }
38 verbose cache add name="gulp-minify-css" spec="^0.3.0" args=["gulp-minify-css","^0.3.0"]
39 verbose parsed url { protocol: null,
39 verbose parsed url   slashes: null,
39 verbose parsed url   auth: null,
39 verbose parsed url   host: null,
39 verbose parsed url   port: null,
39 verbose parsed url   hostname: null,
39 verbose parsed url   hash: null,
39 verbose parsed url   search: null,
39 verbose parsed url   query: null,
39 verbose parsed url   pathname: '^0.3.0',
39 verbose parsed url   path: '^0.3.0',
39 verbose parsed url   href: '^0.3.0' }
40 verbose addNamed [ 'gulp-minify-css', '^0.3.0' ]
41 verbose addNamed [ null, '>=0.3.0-0 <0.4.0-0' ]
42 silly lockFile 28ac0b1b-gulp-3-5-6 gulp@^3.5.6
43 verbose lock gulp@^3.5.6 /home/deepthought/.npm/28ac0b1b-gulp-3-5-6.lock
44 silly lockFile 23012142-gulp-sass-2-0-4 gulp-sass@^2.0.4
45 verbose lock gulp-sass@^2.0.4 /home/deepthought/.npm/23012142-gulp-sass-2-0-4.lock
46 silly lockFile bade1119-gulp-concat-2-2-0 gulp-concat@^2.2.0
47 verbose lock gulp-concat@^2.2.0 /home/deepthought/.npm/bade1119-gulp-concat-2-2-0.lock
48 silly lockFile 97140670-gulp-minify-css-0-3-0 gulp-minify-css@^0.3.0
49 verbose lock gulp-minify-css@^0.3.0 /home/deepthought/.npm/97140670-gulp-minify-css-0-3-0.lock
50 verbose cache add [ 'bower@^1.3.3', null ]
51 verbose cache add name=undefined spec="bower@^1.3.3" args=["bower@^1.3.3",null]
52 verbose parsed url { protocol: null,
52 verbose parsed url   slashes: null,
52 verbose parsed url   auth: null,
52 verbose parsed url   host: null,
52 verbose parsed url   port: null,
52 verbose parsed url   hostname: null,
52 verbose parsed url   hash: null,
52 verbose parsed url   search: null,
52 verbose parsed url   query: null,
52 verbose parsed url   pathname: 'bower@^1.3.3',
52 verbose parsed url   path: 'bower@^1.3.3',
52 verbose parsed url   href: 'bower@^1.3.3' }
53 verbose cache add name="gulp-rename" spec="^1.2.0" args=["gulp-rename","^1.2.0"]
54 verbose parsed url { protocol: null,
54 verbose parsed url   slashes: null,
54 verbose parsed url   auth: null,
54 verbose parsed url   host: null,
54 verbose parsed url   port: null,
54 verbose parsed url   hostname: null,
54 verbose parsed url   hash: null,
54 verbose parsed url   search: null,
54 verbose parsed url   query: null,
54 verbose parsed url   pathname: '^1.2.0',
54 verbose parsed url   path: '^1.2.0',
54 verbose parsed url   href: '^1.2.0' }
55 verbose addNamed [ 'gulp-rename', '^1.2.0' ]
56 verbose addNamed [ null, '>=1.2.0-0 <2.0.0-0' ]
57 silly lockFile 31cef36d-gulp-rename-1-2-0 gulp-rename@^1.2.0
58 verbose lock gulp-rename@^1.2.0 /home/deepthought/.npm/31cef36d-gulp-rename-1-2-0.lock
59 verbose cache add [ 'gulp-util@^2.2.14', null ]
60 verbose cache add name=undefined spec="gulp-util@^2.2.14" args=["gulp-util@^2.2.14",null]
61 verbose parsed url { protocol: null,
61 verbose parsed url   slashes: null,
61 verbose parsed url   auth: null,
61 verbose parsed url   host: null,
61 verbose parsed url   port: null,
61 verbose parsed url   hostname: null,
61 verbose parsed url   hash: null,
61 verbose parsed url   search: null,
61 verbose parsed url   query: null,
61 verbose parsed url   pathname: 'gulp-util@^2.2.14',
61 verbose parsed url   path: 'gulp-util@^2.2.14',
61 verbose parsed url   href: 'gulp-util@^2.2.14' }
62 verbose cache add name="bower" spec="^1.3.3" args=["bower","^1.3.3"]
63 verbose parsed url { protocol: null,
63 verbose parsed url   slashes: null,
63 verbose parsed url   auth: null,
63 verbose parsed url   host: null,
63 verbose parsed url   port: null,
63 verbose parsed url   hostname: null,
63 verbose parsed url   hash: null,
63 verbose parsed url   search: null,
63 verbose parsed url   query: null,
63 verbose parsed url   pathname: '^1.3.3',
63 verbose parsed url   path: '^1.3.3',
63 verbose parsed url   href: '^1.3.3' }
64 verbose addNamed [ 'bower', '^1.3.3' ]
65 verbose addNamed [ null, '>=1.3.3-0 <2.0.0-0' ]
66 silly lockFile 0aa5c27e-bower-1-3-3 bower@^1.3.3
67 verbose lock bower@^1.3.3 /home/deepthought/.npm/0aa5c27e-bower-1-3-3.lock
68 silly addNameRange { name: 'gulp', range: '>=3.5.6-0 <4.0.0-0', hasData: false }
69 silly addNameRange { name: 'gulp-sass',
69 silly addNameRange   range: '>=2.0.4-0 <3.0.0-0',
69 silly addNameRange   hasData: false }
70 silly addNameRange { name: 'gulp-concat',
70 silly addNameRange   range: '>=2.2.0-0 <3.0.0-0',
70 silly addNameRange   hasData: false }
71 silly addNameRange { name: 'gulp-minify-css',
71 silly addNameRange   range: '>=0.3.0-0 <0.4.0-0',
71 silly addNameRange   hasData: false }
72 verbose cache add [ 'shelljs@^0.3.0', null ]
73 verbose cache add name=undefined spec="shelljs@^0.3.0" args=["shelljs@^0.3.0",null]
74 verbose parsed url { protocol: null,
74 verbose parsed url   slashes: null,
74 verbose parsed url   auth: null,
74 verbose parsed url   host: null,
74 verbose parsed url   port: null,
74 verbose parsed url   hostname: null,
74 verbose parsed url   hash: null,
74 verbose parsed url   search: null,
74 verbose parsed url   query: null,
74 verbose parsed url   pathname: 'shelljs@^0.3.0',
74 verbose parsed url   path: 'shelljs@^0.3.0',
74 verbose parsed url   href: 'shelljs@^0.3.0' }
75 verbose cache add name="gulp-util" spec="^2.2.14" args=["gulp-util","^2.2.14"]
76 verbose parsed url { protocol: null,
76 verbose parsed url   slashes: null,
76 verbose parsed url   auth: null,
76 verbose parsed url   host: null,
76 verbose parsed url   port: null,
76 verbose parsed url   hostname: null,
76 verbose parsed url   hash: null,
76 verbose parsed url   search: null,
76 verbose parsed url   query: null,
76 verbose parsed url   pathname: '^2.2.14',
76 verbose parsed url   path: '^2.2.14',
76 verbose parsed url   href: '^2.2.14' }
77 verbose addNamed [ 'gulp-util', '^2.2.14' ]
78 verbose addNamed [ null, '>=2.2.14-0 <3.0.0-0' ]
79 silly lockFile e3e5f16b-gulp-util-2-2-14 gulp-util@^2.2.14
80 verbose lock gulp-util@^2.2.14 /home/deepthought/.npm/e3e5f16b-gulp-util-2-2-14.lock
81 silly addNameRange { name: 'gulp-rename',
81 silly addNameRange   range: '>=1.2.0-0 <2.0.0-0',
81 silly addNameRange   hasData: false }
82 verbose request where is /gulp
83 verbose request registry https://registry.npmjs.org/
84 verbose request id a22b7e8c58a3fad0
85 verbose url raw /gulp
86 verbose url resolving [ 'https://registry.npmjs.org/', './gulp' ]
87 verbose url resolved https://registry.npmjs.org/gulp
88 verbose request where is https://registry.npmjs.org/gulp
89 info trying registry request attempt 1 at 23:45:17
90 http GET https://registry.npmjs.org/gulp
91 verbose request where is /gulp-sass
92 verbose request registry https://registry.npmjs.org/
93 verbose url raw /gulp-sass
94 verbose url resolving [ 'https://registry.npmjs.org/', './gulp-sass' ]
95 verbose url resolved https://registry.npmjs.org/gulp-sass
96 verbose request where is https://registry.npmjs.org/gulp-sass
97 info trying registry request attempt 1 at 23:45:17
98 http GET https://registry.npmjs.org/gulp-sass
99 verbose request where is /gulp-concat
100 verbose request registry https://registry.npmjs.org/
101 verbose url raw /gulp-concat
102 verbose url resolving [ 'https://registry.npmjs.org/', './gulp-concat' ]
103 verbose url resolved https://registry.npmjs.org/gulp-concat
104 verbose request where is https://registry.npmjs.org/gulp-concat
105 info trying registry request attempt 1 at 23:45:17
106 http GET https://registry.npmjs.org/gulp-concat
107 verbose request where is /gulp-minify-css
108 verbose request registry https://registry.npmjs.org/
109 verbose url raw /gulp-minify-css
110 verbose url resolving [ 'https://registry.npmjs.org/', './gulp-minify-css' ]
111 verbose url resolved https://registry.npmjs.org/gulp-minify-css
112 verbose request where is https://registry.npmjs.org/gulp-minify-css
113 info trying registry request attempt 1 at 23:45:17
114 http GET https://registry.npmjs.org/gulp-minify-css
115 verbose cache add name="shelljs" spec="^0.3.0" args=["shelljs","^0.3.0"]
116 verbose parsed url { protocol: null,
116 verbose parsed url   slashes: null,
116 verbose parsed url   auth: null,
116 verbose parsed url   host: null,
116 verbose parsed url   port: null,
116 verbose parsed url   hostname: null,
116 verbose parsed url   hash: null,
116 verbose parsed url   search: null,
116 verbose parsed url   query: null,
116 verbose parsed url   pathname: '^0.3.0',
116 verbose parsed url   path: '^0.3.0',
116 verbose parsed url   href: '^0.3.0' }
117 verbose addNamed [ 'shelljs', '^0.3.0' ]
118 verbose addNamed [ null, '>=0.3.0-0 <0.4.0-0' ]
119 silly lockFile 1ddaa962-shelljs-0-3-0 shelljs@^0.3.0
120 verbose lock shelljs@^0.3.0 /home/deepthought/.npm/1ddaa962-shelljs-0-3-0.lock
121 silly addNameRange { name: 'bower', range: '>=1.3.3-0 <2.0.0-0', hasData: false }
122 silly addNameRange { name: 'gulp-util',
122 silly addNameRange   range: '>=2.2.14-0 <3.0.0-0',
122 silly addNameRange   hasData: false }
123 silly addNameRange { name: 'shelljs', range: '>=0.3.0-0 <0.4.0-0', hasData: false }
124 verbose request where is /gulp-rename
125 verbose request registry https://registry.npmjs.org/
126 verbose url raw /gulp-rename
127 verbose url resolving [ 'https://registry.npmjs.org/', './gulp-rename' ]
128 verbose url resolved https://registry.npmjs.org/gulp-rename
129 verbose request where is https://registry.npmjs.org/gulp-rename
130 info trying registry request attempt 1 at 23:45:17
131 verbose etag "6OATU38NMKYR6SBMM7NXDM8UA"
132 http GET https://registry.npmjs.org/gulp-rename
133 verbose request where is /gulp-util
134 verbose request registry https://registry.npmjs.org/
135 verbose url raw /gulp-util
136 verbose url resolving [ 'https://registry.npmjs.org/', './gulp-util' ]
137 verbose url resolved https://registry.npmjs.org/gulp-util
138 verbose request where is https://registry.npmjs.org/gulp-util
139 info trying registry request attempt 1 at 23:45:17
140 verbose etag "8D9X7OWRJ54KNOS7CNX9LM3CH"
141 http GET https://registry.npmjs.org/gulp-util
142 verbose request where is /bower
143 verbose request registry https://registry.npmjs.org/
144 verbose url raw /bower
145 verbose url resolving [ 'https://registry.npmjs.org/', './bower' ]
146 verbose url resolved https://registry.npmjs.org/bower
147 verbose request where is https://registry.npmjs.org/bower
148 info trying registry request attempt 1 at 23:45:17
149 verbose etag "9DARF75UKZ1PWEP96TVC27LRV"
150 http GET https://registry.npmjs.org/bower
151 verbose request where is /shelljs
152 verbose request registry https://registry.npmjs.org/
153 verbose url raw /shelljs
154 verbose url resolving [ 'https://registry.npmjs.org/', './shelljs' ]
155 verbose url resolved https://registry.npmjs.org/shelljs
156 verbose request where is https://registry.npmjs.org/shelljs
157 info trying registry request attempt 1 at 23:45:17
158 verbose etag "KMAE0PIRANKX3BFCT2LQ70EY"
159 http GET https://registry.npmjs.org/shelljs
160 http 200 https://registry.npmjs.org/gulp-rename
161 silly registry.get cb [ 200,
161 silly registry.get   { server: 'CouchDB/1.5.0 (Erlang OTP/R16B03)',
161 silly registry.get     etag: '"E7OOQFQ6KF9J68OYSZE4LT9HT"',
161 silly registry.get     'content-type': 'application/json',
161 silly registry.get     'cache-control': 'max-age=60',
161 silly registry.get     'content-length': '13424',
161 silly registry.get     'accept-ranges': 'bytes',
161 silly registry.get     date: 'Thu, 10 Dec 2015 04:45:19 GMT',
161 silly registry.get     via: '1.1 varnish',
161 silly registry.get     age: '52',
161 silly registry.get     connection: 'keep-alive',
161 silly registry.get     'x-served-by': 'cache-jfk1035-JFK',
161 silly registry.get     'x-cache': 'HIT',
161 silly registry.get     'x-cache-hits': '2',
161 silly registry.get     'x-timer': 'S1449722719.425582,VS0,VE0',
161 silly registry.get     vary: 'Accept' } ]
162 silly addNameRange number 2 { name: 'gulp-rename',
162 silly addNameRange   range: '>=1.2.0-0 <2.0.0-0',
162 silly addNameRange   hasData: true }
163 silly addNameRange versions [ 'gulp-rename',
163 silly addNameRange   [ '0.1.0', '0.2.1', '0.2.2', '1.0.0', '1.1.0', '1.2.0', '1.2.2' ] ]
164 verbose addNamed [ 'gulp-rename', '1.2.2' ]
165 verbose addNamed [ '1.2.2', '1.2.2' ]
166 silly lockFile 36a270fc-gulp-rename-1-2-2 gulp-rename@1.2.2
167 verbose lock gulp-rename@1.2.2 /home/deepthought/.npm/36a270fc-gulp-rename-1-2-2.lock
168 silly lockFile 36a270fc-gulp-rename-1-2-2 gulp-rename@1.2.2
169 silly lockFile 36a270fc-gulp-rename-1-2-2 gulp-rename@1.2.2
170 silly lockFile 31cef36d-gulp-rename-1-2-0 gulp-rename@^1.2.0
171 silly lockFile 31cef36d-gulp-rename-1-2-0 gulp-rename@^1.2.0
172 http 200 https://registry.npmjs.org/gulp-minify-css
173 silly registry.get cb [ 200,
173 silly registry.get   { server: 'CouchDB/1.5.0 (Erlang OTP/R16B03)',
173 silly registry.get     etag: '"5QQQ51KPSR8UQMKSQV3WAB35"',
173 silly registry.get     'content-type': 'application/json',
173 silly registry.get     'cache-control': 'max-age=60',
173 silly registry.get     'content-length': '63870',
173 silly registry.get     'accept-ranges': 'bytes',
173 silly registry.get     date: 'Thu, 10 Dec 2015 04:45:19 GMT',
173 silly registry.get     via: '1.1 varnish',
173 silly registry.get     age: '9',
173 silly registry.get     connection: 'keep-alive',
173 silly registry.get     'x-served-by': 'cache-iad2133-IAD',
173 silly registry.get     'x-cache': 'HIT',
173 silly registry.get     'x-cache-hits': '1',
173 silly registry.get     'x-timer': 'S1449722719.341971,VS0,VE0',
173 silly registry.get     vary: 'Accept' } ]
174 silly addNameRange number 2 { name: 'gulp-minify-css',
174 silly addNameRange   range: '>=0.3.0-0 <0.4.0-0',
174 silly addNameRange   hasData: true }
175 silly addNameRange versions [ 'gulp-minify-css',
175 silly addNameRange   [ '0.0.1',
175 silly addNameRange     '0.1.0',
175 silly addNameRange     '0.2.0',
175 silly addNameRange     '0.3.0',
175 silly addNameRange     '0.3.1',
175 silly addNameRange     '0.3.2',
175 silly addNameRange     '0.3.3',
175 silly addNameRange     '0.3.4',
175 silly addNameRange     '0.3.5',
175 silly addNameRange     '0.3.6',
175 silly addNameRange     '0.3.7',
175 silly addNameRange     '0.3.8',
175 silly addNameRange     '0.3.9',
175 silly addNameRange     '0.3.10',
175 silly addNameRange     '0.3.11',
175 silly addNameRange     '0.3.12',
175 silly addNameRange     '0.3.13',
175 silly addNameRange     '0.4.0',
175 silly addNameRange     '0.4.1',
175 silly addNameRange     '0.4.2',
175 silly addNameRange     '0.4.3',
175 silly addNameRange     '0.4.4',
175 silly addNameRange     '0.4.5',
175 silly addNameRange     '0.4.6',
175 silly addNameRange     '0.5.0',
175 silly addNameRange     '0.5.1',
175 silly addNameRange     '1.0.0',
175 silly addNameRange     '1.1.0',
175 silly addNameRange     '1.1.1',
175 silly addNameRange     '1.1.2',
175 silly addNameRange     '1.1.2-1',
175 silly addNameRange     '1.1.3',
175 silly addNameRange     '1.1.4',
175 silly addNameRange     '1.1.5',
175 silly addNameRange     '1.1.6',
175 silly addNameRange     '1.2.0',
175 silly addNameRange     '1.2.1',
175 silly addNameRange     '1.2.2' ] ]
176 verbose addNamed [ 'gulp-minify-css', '0.3.13' ]
177 verbose addNamed [ '0.3.13', '0.3.13' ]
178 silly lockFile 9038a954-gulp-minify-css-0-3-13 gulp-minify-css@0.3.13
179 verbose lock gulp-minify-css@0.3.13 /home/deepthought/.npm/9038a954-gulp-minify-css-0-3-13.lock
180 silly lockFile 8781e9f5-y-css-gulp-minify-css-0-3-13-tgz https://registry.npmjs.org/gulp-minify-css/-/gulp-minify-css-0.3.13.tgz
181 verbose lock https://registry.npmjs.org/gulp-minify-css/-/gulp-minify-css-0.3.13.tgz /home/deepthought/.npm/8781e9f5-y-css-gulp-minify-css-0-3-13-tgz.lock
182 verbose addRemoteTarball [ 'https://registry.npmjs.org/gulp-minify-css/-/gulp-minify-css-0.3.13.tgz',
182 verbose addRemoteTarball   'ba813c665422868305383ccd185f239c1e35209b' ]
183 info retry fetch attempt 1 at 23:45:18
184 verbose fetch to= /tmp/npm-20320-JlRC42eT/registry.npmjs.org/gulp-minify-css/-/gulp-minify-css-0.3.13.tgz
185 http GET https://registry.npmjs.org/gulp-minify-css/-/gulp-minify-css-0.3.13.tgz
186 http 200 https://registry.npmjs.org/gulp-util
187 silly registry.get cb [ 200,
187 silly registry.get   { server: 'CouchDB/1.5.0 (Erlang OTP/R16B03)',
187 silly registry.get     etag: '"73JJY6D2M6C5DPHRRP8BS8DNM"',
187 silly registry.get     'content-type': 'application/json',
187 silly registry.get     'cache-control': 'max-age=60',
187 silly registry.get     'content-length': '61525',
187 silly registry.get     'accept-ranges': 'bytes',
187 silly registry.get     date: 'Thu, 10 Dec 2015 04:45:19 GMT',
187 silly registry.get     via: '1.1 varnish',
187 silly registry.get     age: '52',
187 silly registry.get     connection: 'keep-alive',
187 silly registry.get     'x-served-by': 'cache-jfk1035-JFK',
187 silly registry.get     'x-cache': 'HIT',
187 silly registry.get     'x-cache-hits': '3',
187 silly registry.get     'x-timer': 'S1449722719.538177,VS0,VE0',
187 silly registry.get     vary: 'Accept' } ]
188 silly addNameRange number 2 { name: 'gulp-util',
188 silly addNameRange   range: '>=2.2.14-0 <3.0.0-0',
188 silly addNameRange   hasData: true }
189 silly addNameRange versions [ 'gulp-util',
189 silly addNameRange   [ '0.0.1',
189 silly addNameRange     '1.0.0',
189 silly addNameRange     '1.1.0',
189 silly addNameRange     '1.1.1',
189 silly addNameRange     '1.2.0',
189 silly addNameRange     '1.3.0',
189 silly addNameRange     '2.0.0',
189 silly addNameRange     '2.1.1',
189 silly addNameRange     '2.1.2',
189 silly addNameRange     '2.1.3',
189 silly addNameRange     '2.1.4',
189 silly addNameRange     '2.2.0',
189 silly addNameRange     '2.2.1',
189 silly addNameRange     '2.2.2',
189 silly addNameRange     '2.2.3',
189 silly addNameRange     '2.2.5',
189 silly addNameRange     '2.2.6',
189 silly addNameRange     '2.2.7',
189 silly addNameRange     '2.2.8',
189 silly addNameRange     '2.2.9',
189 silly addNameRange     '2.2.10',
189 silly addNameRange     '2.2.11',
189 silly addNameRange     '2.2.12',
189 silly addNameRange     '2.2.13',
189 silly addNameRange     '2.2.14',
189 silly addNameRange     '2.2.15',
189 silly addNameRange     '2.2.16',
189 silly addNameRange     '2.2.17',
189 silly addNameRange     '2.2.18',
189 silly addNameRange     '2.2.19',
189 silly addNameRange     '2.2.20',
189 silly addNameRange     '3.0.0',
189 silly addNameRange     '3.0.1',
189 silly addNameRange     '3.0.2',
189 silly addNameRange     '3.0.3',
189 silly addNameRange     '3.0.4',
189 silly addNameRange     '3.0.5',
189 silly addNameRange     '3.0.6',
189 silly addNameRange     '3.0.7' ] ]
190 verbose addNamed [ 'gulp-util', '2.2.20' ]
191 verbose addNamed [ '2.2.20', '2.2.20' ]
192 silly lockFile 48c194cb-gulp-util-2-2-20 gulp-util@2.2.20
193 verbose lock gulp-util@2.2.20 /home/deepthought/.npm/48c194cb-gulp-util-2-2-20.lock
194 silly lockFile 34166e88-g-gulp-util-gulp-util-2-2-20-tgz https://registry.npmjs.org/gulp-util/-/gulp-util-2.2.20.tgz
195 verbose lock https://registry.npmjs.org/gulp-util/-/gulp-util-2.2.20.tgz /home/deepthought/.npm/34166e88-g-gulp-util-gulp-util-2-2-20-tgz.lock
196 verbose addRemoteTarball [ 'https://registry.npmjs.org/gulp-util/-/gulp-util-2.2.20.tgz',
196 verbose addRemoteTarball   'd7146e5728910bd8f047a6b0b1e549bc22dbd64c' ]
197 info retry fetch attempt 1 at 23:45:18
198 verbose fetch to= /tmp/npm-20320-JlRC42eT/registry.npmjs.org/gulp-util/-/gulp-util-2.2.20.tgz
199 http GET https://registry.npmjs.org/gulp-util/-/gulp-util-2.2.20.tgz
200 http 304 https://registry.npmjs.org/shelljs
201 silly registry.get cb [ 304,
201 silly registry.get   { date: 'Thu, 10 Dec 2015 04:45:19 GMT',
201 silly registry.get     via: '1.1 varnish',
201 silly registry.get     'cache-control': 'max-age=60',
201 silly registry.get     etag: '"KMAE0PIRANKX3BFCT2LQ70EY"',
201 silly registry.get     age: '41',
201 silly registry.get     connection: 'keep-alive',
201 silly registry.get     'x-served-by': 'cache-jfk1035-JFK',
201 silly registry.get     'x-cache': 'HIT',
201 silly registry.get     'x-cache-hits': '1',
201 silly registry.get     'x-timer': 'S1449722719.771449,VS0,VE0',
201 silly registry.get     vary: 'Accept' } ]
202 verbose etag https://registry.npmjs.org/shelljs from cache
203 silly addNameRange number 2 { name: 'shelljs', range: '>=0.3.0-0 <0.4.0-0', hasData: true }
204 silly addNameRange versions [ 'shelljs',
204 silly addNameRange   [ '0.0.1',
204 silly addNameRange     '0.0.2',
204 silly addNameRange     '0.0.3',
204 silly addNameRange     '0.0.4',
204 silly addNameRange     '0.0.5',
204 silly addNameRange     '0.0.6',
204 silly addNameRange     '0.0.7',
204 silly addNameRange     '0.0.8',
204 silly addNameRange     '0.0.9',
204 silly addNameRange     '0.1.0',
204 silly addNameRange     '0.1.1',
204 silly addNameRange     '0.1.2',
204 silly addNameRange     '0.1.3',
204 silly addNameRange     '0.1.4',
204 silly addNameRange     '0.2.0',
204 silly addNameRange     '0.2.1',
204 silly addNameRange     '0.2.2',
204 silly addNameRange     '0.2.3',
204 silly addNameRange     '0.2.4',
204 silly addNameRange     '0.2.5',
204 silly addNameRange     '0.2.6',
204 silly addNameRange     '0.3.0',
204 silly addNameRange     '0.4.0',
204 silly addNameRange     '0.5.0',
204 silly addNameRange     '0.5.1',
204 silly addNameRange     '0.5.2',
204 silly addNameRange     '0.5.3',
204 silly addNameRange     '0.0.1-alpha1',
204 silly addNameRange     '0.0.2-pre1',
204 silly addNameRange     '0.0.4-pre1',
204 silly addNameRange     '0.0.5-pre1',
204 silly addNameRange     '0.0.5-pre2',
204 silly addNameRange     '0.0.5-pre3',
204 silly addNameRange     '0.0.5-pre4',
204 silly addNameRange     '0.0.6-pre1',
204 silly addNameRange     '0.0.6-pre2' ] ]
205 verbose addNamed [ 'shelljs', '0.3.0' ]
206 verbose addNamed [ '0.3.0', '0.3.0' ]
207 silly lockFile 7d3918b1-shelljs-0-3-0 shelljs@0.3.0
208 verbose lock shelljs@0.3.0 /home/deepthought/.npm/7d3918b1-shelljs-0-3-0.lock
209 silly lockFile 7d3918b1-shelljs-0-3-0 shelljs@0.3.0
210 silly lockFile 7d3918b1-shelljs-0-3-0 shelljs@0.3.0
211 silly lockFile 1ddaa962-shelljs-0-3-0 shelljs@^0.3.0
212 silly lockFile 1ddaa962-shelljs-0-3-0 shelljs@^0.3.0
213 http 200 https://registry.npmjs.org/bower
214 silly registry.get cb [ 200,
214 silly registry.get   { server: 'CouchDB/1.5.0 (Erlang OTP/R16B03)',
214 silly registry.get     etag: '"CDGJ90LBVSG3U62Z3HF87OBIR"',
214 silly registry.get     'content-type': 'application/json',
214 silly registry.get     'cache-control': 'max-age=60',
214 silly registry.get     'content-length': '158245',
214 silly registry.get     'accept-ranges': 'bytes',
214 silly registry.get     date: 'Thu, 10 Dec 2015 04:45:19 GMT',
214 silly registry.get     via: '1.1 varnish',
214 silly registry.get     age: '29',
214 silly registry.get     connection: 'keep-alive',
214 silly registry.get     'x-served-by': 'cache-iad2133-IAD',
214 silly registry.get     'x-cache': 'HIT',
214 silly registry.get     'x-cache-hits': '1',
214 silly registry.get     'x-timer': 'S1449722719.673223,VS0,VE0',
214 silly registry.get     vary: 'Accept' } ]
215 silly addNameRange number 2 { name: 'bower', range: '>=1.3.3-0 <2.0.0-0', hasData: true }
216 silly addNameRange versions [ 'bower',
216 silly addNameRange   [ '0.1.0',
216 silly addNameRange     '0.1.2',
216 silly addNameRange     '0.1.3',
216 silly addNameRange     '0.2.0',
216 silly addNameRange     '0.3.0',
216 silly addNameRange     '0.3.1',
216 silly addNameRange     '0.3.2',
216 silly addNameRange     '0.4.0',
216 silly addNameRange     '0.5.0',
216 silly addNameRange     '0.5.1',
216 silly addNameRange     '0.6.0',
216 silly addNameRange     '0.6.1',
216 silly addNameRange     '0.6.2',
216 silly addNameRange     '0.6.3',
216 silly addNameRange     '0.6.4',
216 silly addNameRange     '0.6.5',
216 silly addNameRange     '0.6.6',
216 silly addNameRange     '0.6.7',
216 silly addNameRange     '0.6.8',
216 silly addNameRange     '0.7.0',
216 silly addNameRange     '0.7.1',
216 silly addNameRange     '0.8.0',
216 silly addNameRange     '0.8.1',
216 silly addNameRange     '0.8.2',
216 silly addNameRange     '0.8.3',
216 silly addNameRange     '0.8.4',
216 silly addNameRange     '0.8.5',
216 silly addNameRange     '0.8.6',
216 silly addNameRange     '0.9.0',
216 silly addNameRange     '0.9.1',
216 silly addNameRange     '0.9.2',
216 silly addNameRange     '0.10.0',
216 silly addNameRange     '1.0.0',
216 silly addNameRange     '1.0.1',
216 silly addNameRange     '1.0.2',
216 silly addNameRange     '1.0.3',
216 silly addNameRange     '1.1.0',
216 silly addNameRange     '1.1.1',
216 silly addNameRange     '1.1.2',
216 silly addNameRange     '1.2.0',
216 silly addNameRange     '1.2.1',
216 silly addNameRange     '1.2.2',
216 silly addNameRange     '1.2.3',
216 silly addNameRange     '1.2.4',
216 silly addNameRange     '1.2.5',
216 silly addNameRange     '1.2.6',
216 silly addNameRange     '1.2.7',
216 silly addNameRange     '1.2.8',
216 silly addNameRange     '1.3.0',
216 silly addNameRange     '1.3.1',
216 silly addNameRange     '1.3.2',
216 silly addNameRange     '1.3.3',
216 silly addNameRange     '1.3.4',
216 silly addNameRange     '1.3.5',
216 silly addNameRange     '1.3.6',
216 silly addNameRange     '1.3.7',
216 silly addNameRange     '1.3.8',
216 silly addNameRange     '1.3.9',
216 silly addNameRange     '1.3.10',
216 silly addNameRange     '1.3.11',
216 silly addNameRange     '1.3.12',
216 silly addNameRange     '1.4.0',
216 silly addNameRange     '1.4.1',
216 silly addNameRange     '1.5.0',
216 silly addNameRange     '1.5.1',
216 silly addNameRange     '1.5.2',
216 silly addNameRange     '1.5.3',
216 silly addNameRange     '1.6.2',
216 silly addNameRange     '1.6.3',
216 silly addNameRange     '1.6.4',
216 silly addNameRange     '1.6.5',
216 silly addNameRange     '1.5.4',
216 silly addNameRange     '1.4.2',
216 silly addNameRange     '1.6.6',
216 silly addNameRange     '1.6.7',
216 silly addNameRange     '1.6.8',
216 silly addNameRange     '1.6.9',
216 silly addNameRange     '1.7.0' ] ]
217 verbose addNamed [ 'bower', '1.7.0' ]
218 verbose addNamed [ '1.7.0', '1.7.0' ]
219 silly lockFile 58cd9bb9-bower-1-7-0 bower@1.7.0
220 verbose lock bower@1.7.0 /home/deepthought/.npm/58cd9bb9-bower-1-7-0.lock
221 silly lockFile 1851f724--npmjs-org-bower-bower-1-7-0-tgz https://registry.npmjs.org/bower/-/bower-1.7.0.tgz
222 verbose lock https://registry.npmjs.org/bower/-/bower-1.7.0.tgz /home/deepthought/.npm/1851f724--npmjs-org-bower-bower-1-7-0-tgz.lock
223 verbose addRemoteTarball [ 'https://registry.npmjs.org/bower/-/bower-1.7.0.tgz',
223 verbose addRemoteTarball   '55c9bf39f5547c02ed5469f67635637128adae29' ]
224 info retry fetch attempt 1 at 23:45:19
225 verbose fetch to= /tmp/npm-20320-JlRC42eT/registry.npmjs.org/bower/-/bower-1.7.0.tgz
226 http GET https://registry.npmjs.org/bower/-/bower-1.7.0.tgz
227 http 200 https://registry.npmjs.org/gulp-sass
228 silly registry.get cb [ 200,
228 silly registry.get   { server: 'CouchDB/1.5.0 (Erlang OTP/R16B03)',
228 silly registry.get     etag: '"1R3DARHN493GPCF1KEIUM59DK"',
228 silly registry.get     'content-type': 'application/json',
228 silly registry.get     'cache-control': 'max-age=60',
228 silly registry.get     'content-length': '43518',
228 silly registry.get     'accept-ranges': 'bytes',
228 silly registry.get     date: 'Thu, 10 Dec 2015 04:45:19 GMT',
228 silly registry.get     via: '1.1 varnish',
228 silly registry.get     age: '0',
228 silly registry.get     connection: 'keep-alive',
228 silly registry.get     'x-served-by': 'cache-atl6231-ATL',
228 silly registry.get     'x-cache': 'HIT',
228 silly registry.get     'x-cache-hits': '1',
228 silly registry.get     'x-timer': 'S1449722719.762797,VS0,VE26',
228 silly registry.get     vary: 'Accept' } ]
229 silly addNameRange number 2 { name: 'gulp-sass', range: '>=2.0.4-0 <3.0.0-0', hasData: true }
230 silly addNameRange versions [ 'gulp-sass',
230 silly addNameRange   [ '0.1.0',
230 silly addNameRange     '0.2.1',
230 silly addNameRange     '0.2.2',
230 silly addNameRange     '0.2.3',
230 silly addNameRange     '0.3.0',
230 silly addNameRange     '0.4.0',
230 silly addNameRange     '0.4.1',
230 silly addNameRange     '0.5.0',
230 silly addNameRange     '0.5.1',
230 silly addNameRange     '0.5.2',
230 silly addNameRange     '0.6.0',
230 silly addNameRange     '0.7.0',
230 silly addNameRange     '0.7.1',
230 silly addNameRange     '0.7.2',
230 silly addNameRange     '0.7.3',
230 silly addNameRange     '1.0.0',
230 silly addNameRange     '1.1.0',
230 silly addNameRange     '1.2.0',
230 silly addNameRange     '1.2.1',
230 silly addNameRange     '1.2.2',
230 silly addNameRange     '1.2.3',
230 silly addNameRange     '1.2.4',
230 silly addNameRange     '1.3.0',
230 silly addNameRange     '1.3.1',
230 silly addNameRange     '1.3.2',
230 silly addNameRange     '1.3.3',
230 silly addNameRange     '2.0.0-alpha.1',
230 silly addNameRange     '2.0.0',
230 silly addNameRange     '2.0.2',
230 silly addNameRange     '2.0.3',
230 silly addNameRange     '2.0.4',
230 silly addNameRange     '2.1.0-beta',
230 silly addNameRange     '2.1.0' ] ]
231 verbose addNamed [ 'gulp-sass', '2.1.0' ]
232 verbose addNamed [ '2.1.0', '2.1.0' ]
233 silly lockFile 815ae9cd-gulp-sass-2-1-0 gulp-sass@2.1.0
234 verbose lock gulp-sass@2.1.0 /home/deepthought/.npm/815ae9cd-gulp-sass-2-1-0.lock
235 silly lockFile 5f5ef2b8-rg-gulp-sass-gulp-sass-2-1-0-tgz https://registry.npmjs.org/gulp-sass/-/gulp-sass-2.1.0.tgz
236 verbose lock https://registry.npmjs.org/gulp-sass/-/gulp-sass-2.1.0.tgz /home/deepthought/.npm/5f5ef2b8-rg-gulp-sass-gulp-sass-2-1-0-tgz.lock
237 verbose addRemoteTarball [ 'https://registry.npmjs.org/gulp-sass/-/gulp-sass-2.1.0.tgz',
237 verbose addRemoteTarball   '2587bc535d8b508bc10f4e2cf35f01185737d80b' ]
238 info retry fetch attempt 1 at 23:45:19
239 verbose fetch to= /tmp/npm-20320-JlRC42eT/registry.npmjs.org/gulp-sass/-/gulp-sass-2.1.0.tgz
240 http GET https://registry.npmjs.org/gulp-sass/-/gulp-sass-2.1.0.tgz
241 http 200 https://registry.npmjs.org/gulp-util/-/gulp-util-2.2.20.tgz
242 silly lockFile 34166e88-g-gulp-util-gulp-util-2-2-20-tgz https://registry.npmjs.org/gulp-util/-/gulp-util-2.2.20.tgz
243 silly lockFile 34166e88-g-gulp-util-gulp-util-2-2-20-tgz https://registry.npmjs.org/gulp-util/-/gulp-util-2.2.20.tgz
244 silly lockFile 48c194cb-gulp-util-2-2-20 gulp-util@2.2.20
245 silly lockFile 48c194cb-gulp-util-2-2-20 gulp-util@2.2.20
246 silly lockFile e3e5f16b-gulp-util-2-2-14 gulp-util@^2.2.14
247 silly lockFile e3e5f16b-gulp-util-2-2-14 gulp-util@^2.2.14
248 http 200 https://registry.npmjs.org/gulp
249 silly registry.get cb [ 200,
249 silly registry.get   { server: 'CouchDB/1.5.0 (Erlang OTP/R16B03)',
249 silly registry.get     etag: '"9S9431OIMM971IGEQCJO0CP92"',
249 silly registry.get     'content-type': 'application/json',
249 silly registry.get     'cache-control': 'max-age=60',
249 silly registry.get     'content-length': '108508',
249 silly registry.get     'accept-ranges': 'bytes',
249 silly registry.get     date: 'Thu, 10 Dec 2015 04:45:19 GMT',
249 silly registry.get     via: '1.1 varnish',
249 silly registry.get     age: '13',
249 silly registry.get     connection: 'keep-alive',
249 silly registry.get     'x-served-by': 'cache-iad2144-IAD',
249 silly registry.get     'x-cache': 'HIT',
249 silly registry.get     'x-cache-hits': '1',
249 silly registry.get     'x-timer': 'S1449722719.807247,VS0,VE0',
249 silly registry.get     vary: 'Accept' } ]
250 silly addNameRange number 2 { name: 'gulp', range: '>=3.5.6-0 <4.0.0-0', hasData: true }
251 silly addNameRange versions [ 'gulp',
251 silly addNameRange   [ '0.0.1',
251 silly addNameRange     '0.0.2',
251 silly addNameRange     '0.0.3',
251 silly addNameRange     '0.0.4',
251 silly addNameRange     '0.0.5',
251 silly addNameRange     '0.0.7',
251 silly addNameRange     '0.0.8',
251 silly addNameRange     '0.0.9',
251 silly addNameRange     '0.1.0',
251 silly addNameRange     '0.2.0',
251 silly addNameRange     '1.0.0',
251 silly addNameRange     '1.1.0',
251 silly addNameRange     '1.2.0',
251 silly addNameRange     '1.2.1',
251 silly addNameRange     '2.0.0',
251 silly addNameRange     '2.0.1',
251 silly addNameRange     '2.1.0',
251 silly addNameRange     '2.2.0',
251 silly addNameRange     '2.3.0',
251 silly addNameRange     '2.4.0',
251 silly addNameRange     '2.4.1',
251 silly addNameRange     '2.6.0',
251 silly addNameRange     '2.6.1',
251 silly addNameRange     '2.7.0',
251 silly addNameRange     '3.0.0',
251 silly addNameRange     '3.1.1',
251 silly addNameRange     '3.1.2',
251 silly addNameRange     '3.1.3',
251 silly addNameRange     '3.1.4',
251 silly addNameRange     '3.2.0',
251 silly addNameRange     '3.2.1',
251 silly addNameRange     '3.2.2',
251 silly addNameRange     '3.2.3',
251 silly addNameRange     '3.2.4',
251 silly addNameRange     '3.2.5',
251 silly addNameRange     '3.3.0',
251 silly addNameRange     '3.3.1',
251 silly addNameRange     '3.3.2',
251 silly addNameRange     '3.3.4',
251 silly addNameRange     '3.4.0',
251 silly addNameRange     '3.5.0',
251 silly addNameRange     '3.5.1',
251 silly addNameRange     '3.5.2',
251 silly addNameRange     '3.5.5',
251 silly addNameRange     '3.5.6',
251 silly addNameRange     '3.6.0',
251 silly addNameRange     '3.6.1',
251 silly addNameRange     '3.6.2',
251 silly addNameRange     '3.7.0',
251 silly addNameRange     '3.8.0',
251 silly addNameRange     '3.8.1',
251 silly addNameRange     '3.8.2',
251 silly addNameRange     '3.8.3',
251 silly addNameRange     '3.8.4',
251 silly addNameRange     '3.8.5',
251 silly addNameRange     '3.8.6',
251 silly addNameRange     '3.8.7',
251 silly addNameRange     '3.8.8',
251 silly addNameRange     '3.8.9',
251 silly addNameRange     '3.8.10',
251 silly addNameRange     '3.8.11',
251 silly addNameRange     '3.9.0' ] ]
252 verbose addNamed [ 'gulp', '3.9.0' ]
253 verbose addNamed [ '3.9.0', '3.9.0' ]
254 silly lockFile c2697a61-gulp-3-9-0 gulp@3.9.0
255 verbose lock gulp@3.9.0 /home/deepthought/.npm/c2697a61-gulp-3-9-0.lock
256 silly lockFile af4766b8-ry-npmjs-org-gulp-gulp-3-9-0-tgz https://registry.npmjs.org/gulp/-/gulp-3.9.0.tgz
257 verbose lock https://registry.npmjs.org/gulp/-/gulp-3.9.0.tgz /home/deepthought/.npm/af4766b8-ry-npmjs-org-gulp-gulp-3-9-0-tgz.lock
258 verbose addRemoteTarball [ 'https://registry.npmjs.org/gulp/-/gulp-3.9.0.tgz',
258 verbose addRemoteTarball   'cf1fba4cb558bb8c6ae6c9613f583ae2620d214a' ]
259 info retry fetch attempt 1 at 23:45:20
260 verbose fetch to= /tmp/npm-20320-JlRC42eT/registry.npmjs.org/gulp/-/gulp-3.9.0.tgz
261 http GET https://registry.npmjs.org/gulp/-/gulp-3.9.0.tgz
262 http 200 https://registry.npmjs.org/gulp-sass/-/gulp-sass-2.1.0.tgz
263 http 200 https://registry.npmjs.org/gulp-minify-css/-/gulp-minify-css-0.3.13.tgz
264 silly lockFile 5f5ef2b8-rg-gulp-sass-gulp-sass-2-1-0-tgz https://registry.npmjs.org/gulp-sass/-/gulp-sass-2.1.0.tgz
265 silly lockFile 5f5ef2b8-rg-gulp-sass-gulp-sass-2-1-0-tgz https://registry.npmjs.org/gulp-sass/-/gulp-sass-2.1.0.tgz
266 silly lockFile 8781e9f5-y-css-gulp-minify-css-0-3-13-tgz https://registry.npmjs.org/gulp-minify-css/-/gulp-minify-css-0.3.13.tgz
267 silly lockFile 8781e9f5-y-css-gulp-minify-css-0-3-13-tgz https://registry.npmjs.org/gulp-minify-css/-/gulp-minify-css-0.3.13.tgz
268 silly lockFile 815ae9cd-gulp-sass-2-1-0 gulp-sass@2.1.0
269 silly lockFile 815ae9cd-gulp-sass-2-1-0 gulp-sass@2.1.0
270 silly lockFile 9038a954-gulp-minify-css-0-3-13 gulp-minify-css@0.3.13
271 silly lockFile 9038a954-gulp-minify-css-0-3-13 gulp-minify-css@0.3.13
272 silly lockFile 23012142-gulp-sass-2-0-4 gulp-sass@^2.0.4
273 silly lockFile 23012142-gulp-sass-2-0-4 gulp-sass@^2.0.4
274 silly lockFile 97140670-gulp-minify-css-0-3-0 gulp-minify-css@^0.3.0
275 silly lockFile 97140670-gulp-minify-css-0-3-0 gulp-minify-css@^0.3.0
276 http 200 https://registry.npmjs.org/bower/-/bower-1.7.0.tgz
277 http 200 https://registry.npmjs.org/gulp/-/gulp-3.9.0.tgz
278 silly lockFile af4766b8-ry-npmjs-org-gulp-gulp-3-9-0-tgz https://registry.npmjs.org/gulp/-/gulp-3.9.0.tgz
279 silly lockFile af4766b8-ry-npmjs-org-gulp-gulp-3-9-0-tgz https://registry.npmjs.org/gulp/-/gulp-3.9.0.tgz
280 silly lockFile c2697a61-gulp-3-9-0 gulp@3.9.0
281 silly lockFile c2697a61-gulp-3-9-0 gulp@3.9.0
282 silly lockFile 28ac0b1b-gulp-3-5-6 gulp@^3.5.6
283 silly lockFile 28ac0b1b-gulp-3-5-6 gulp@^3.5.6
284 http 200 https://registry.npmjs.org/gulp-concat
285 silly registry.get cb [ 200,
285 silly registry.get   { server: 'CouchDB/1.5.0 (Erlang OTP/R16B03)',
285 silly registry.get     etag: '"1OKQDXT4U8PDXXMQDZJJI784G"',
285 silly registry.get     'content-type': 'application/json',
285 silly registry.get     'cache-control': 'max-age=60',
285 silly registry.get     'content-length': '38281',
285 silly registry.get     'accept-ranges': 'bytes',
285 silly registry.get     date: 'Thu, 10 Dec 2015 04:45:24 GMT',
285 silly registry.get     via: '1.1 varnish',
285 silly registry.get     age: '10',
285 silly registry.get     connection: 'keep-alive',
285 silly registry.get     'x-served-by': 'cache-jfk1025-JFK',
285 silly registry.get     'x-cache': 'HIT',
285 silly registry.get     'x-cache-hits': '1',
285 silly registry.get     'x-timer': 'S1449722724.481745,VS0,VE0',
285 silly registry.get     vary: 'Accept' } ]
286 silly addNameRange number 2 { name: 'gulp-concat',
286 silly addNameRange   range: '>=2.2.0-0 <3.0.0-0',
286 silly addNameRange   hasData: true }
287 silly addNameRange versions [ 'gulp-concat',
287 silly addNameRange   [ '0.0.1',
287 silly addNameRange     '1.0.0',
287 silly addNameRange     '1.1.0',
287 silly addNameRange     '2.0.0',
287 silly addNameRange     '2.1.0',
287 silly addNameRange     '2.1.1',
287 silly addNameRange     '2.1.2',
287 silly addNameRange     '2.1.3',
287 silly addNameRange     '2.1.4',
287 silly addNameRange     '2.1.5',
287 silly addNameRange     '2.1.6',
287 silly addNameRange     '2.1.7',
287 silly addNameRange     '2.2.0',
287 silly addNameRange     '2.3.0',
287 silly addNameRange     '2.3.3',
287 silly addNameRange     '2.3.4',
287 silly addNameRange     '2.3.5',
287 silly addNameRange     '2.4.0',
287 silly addNameRange     '2.4.1',
287 silly addNameRange     '2.4.2',
287 silly addNameRange     '2.4.3',
287 silly addNameRange     '2.5.0',
287 silly addNameRange     '2.5.1',
287 silly addNameRange     '2.5.2',
287 silly addNameRange     '2.6.0' ] ]
288 verbose addNamed [ 'gulp-concat', '2.6.0' ]
289 verbose addNamed [ '2.6.0', '2.6.0' ]
290 silly lockFile 03b8a742-gulp-concat-2-6-0 gulp-concat@2.6.0
291 verbose lock gulp-concat@2.6.0 /home/deepthought/.npm/03b8a742-gulp-concat-2-6-0.lock
292 silly lockFile a5bb2ad5-ulp-concat-gulp-concat-2-6-0-tgz https://registry.npmjs.org/gulp-concat/-/gulp-concat-2.6.0.tgz
293 verbose lock https://registry.npmjs.org/gulp-concat/-/gulp-concat-2.6.0.tgz /home/deepthought/.npm/a5bb2ad5-ulp-concat-gulp-concat-2-6-0-tgz.lock
294 verbose addRemoteTarball [ 'https://registry.npmjs.org/gulp-concat/-/gulp-concat-2.6.0.tgz',
294 verbose addRemoteTarball   '585cfb115411f348773131140566b6a81c69cb91' ]
295 info retry fetch attempt 1 at 23:45:23
296 verbose fetch to= /tmp/npm-20320-JlRC42eT/registry.npmjs.org/gulp-concat/-/gulp-concat-2.6.0.tgz
297 http GET https://registry.npmjs.org/gulp-concat/-/gulp-concat-2.6.0.tgz
298 http 200 https://registry.npmjs.org/gulp-concat/-/gulp-concat-2.6.0.tgz
299 silly lockFile a5bb2ad5-ulp-concat-gulp-concat-2-6-0-tgz https://registry.npmjs.org/gulp-concat/-/gulp-concat-2.6.0.tgz
300 silly lockFile a5bb2ad5-ulp-concat-gulp-concat-2-6-0-tgz https://registry.npmjs.org/gulp-concat/-/gulp-concat-2.6.0.tgz
301 silly lockFile 03b8a742-gulp-concat-2-6-0 gulp-concat@2.6.0
302 silly lockFile 03b8a742-gulp-concat-2-6-0 gulp-concat@2.6.0
303 silly lockFile bade1119-gulp-concat-2-2-0 gulp-concat@^2.2.0
304 silly lockFile bade1119-gulp-concat-2-2-0 gulp-concat@^2.2.0
305 silly lockFile 1851f724--npmjs-org-bower-bower-1-7-0-tgz https://registry.npmjs.org/bower/-/bower-1.7.0.tgz
306 silly lockFile 1851f724--npmjs-org-bower-bower-1-7-0-tgz https://registry.npmjs.org/bower/-/bower-1.7.0.tgz
307 silly lockFile 58cd9bb9-bower-1-7-0 bower@1.7.0
308 silly lockFile 58cd9bb9-bower-1-7-0 bower@1.7.0
309 silly lockFile 0aa5c27e-bower-1-3-3 bower@^1.3.3
310 silly lockFile 0aa5c27e-bower-1-3-3 bower@^1.3.3
311 error Error: EACCES, mkdir '/home/deepthought/.npm/gulp-util/2.2.20'
311 error  { [Error: EACCES, mkdir '/home/deepthought/.npm/gulp-util/2.2.20']
311 error   errno: 3,
311 error   code: 'EACCES',
311 error   path: '/home/deepthought/.npm/gulp-util/2.2.20',
311 error   parent: 'ionic_test' }
312 error Please try running this command again as root/Administrator.
313 error System Linux 3.13.0-68-generic
314 error command "/usr/bin/node" "/usr/bin/npm" "install"
315 error cwd /home/deepthought/development/buzzbands_mobile
316 error node -v v0.10.37
317 error npm -v 1.4.28
318 error path /home/deepthought/.npm/gulp-util/2.2.20
319 error code EACCES
320 error errno 3
321 error stack Error: EACCES, mkdir '/home/deepthought/.npm/gulp-util/2.2.20'
322 verbose exit [ 3, true ]
